<?xml version="1.0" encoding="UTF-8"?>
<testng-results ignored="0" total="1" passed="0" failed="1" skipped="0">
  <reporter-output>
  </reporter-output>
  <suite started-at="2021-07-18T12:29:35Z" name="Default suite" finished-at="2021-07-18T12:29:38Z" duration-ms="2808">
    <groups>
    </groups>
    <test started-at="2021-07-18T12:29:35Z" name="Default test" finished-at="2021-07-18T12:29:38Z" duration-ms="2808">
      <class name="Testgoogle">
        <test-method signature="login()[pri:0, instance:Testgoogle@3b74ac8]" started-at="2021-07-18T17:59:35Z" name="login" finished-at="2021-07-18T17:59:38Z" duration-ms="2731" status="FAIL">
          <exception class="org.openqa.selenium.SessionNotCreatedException">
            <message>
              <![CDATA[session not created: This version of ChromeDriver only supports Chrome version 89
Current browser version is 91.0.4472.124 with binary path C:\Program Files\Google\Chrome\Application\chrome.exe
Build info: version: '3.12.0', revision: '7c6e0b3', time: '2018-05-08T14:04:26.12Z'
System info: host: 'DESKTOP-RUV174U', ip: '192.168.0.103', os.name: 'Windows 10', os.arch: 'amd64', os.version: '10.0', java.version: '11.0.10'
Driver info: driver.version: ChromeDriver
remote stacktrace: Backtrace:
	Ordinal0 [0x0026E7D3+124883]
	Ordinal0 [0x0026E7B1+124849]
	GetHandleVerifier [0x004B8688+193832]
	GetHandleVerifier [0x004D3AC5+305509]
	GetHandleVerifier [0x004D021B+291003]
	GetHandleVerifier [0x004CE0AC+282444]
	GetHandleVerifier [0x004F4A90+440624]
	GetHandleVerifier [0x004F47FC+439964]
	GetHandleVerifier [0x004F154B+426987]
	GetHandleVerifier [0x004D4FFD+310941]
	GetHandleVerifier [0x004D5D8E+314414]
	GetHandleVerifier [0x004D5D19+314297]
	GetHandleVerifier [0x005931EC+1089676]
	GetHandleVerifier [0x005917C9+1082985]
	GetHandleVerifier [0x005913A3+1081923]
	GetHandleVerifier [0x0068D9FD+2115741]
	Ordinal0 [0x003BB82E+1488942]
	Ordinal0 [0x00355A7D+1071741]
	Ordinal0 [0x0035559B+1070491]
	Ordinal0 [0x003554B1+1070257]
	Ordinal0 [0x0038FF53+1310547]
	BaseThreadInitThunk [0x759CFA29+25]
	RtlGetAppContainerNamedObjectPath [0x772E7A7E+286]
	RtlGetAppContainerNamedObjectPath [0x772E7A4E+238]
]]>
            </message>
            <full-stacktrace>
              <![CDATA[org.openqa.selenium.SessionNotCreatedException: session not created: This version of ChromeDriver only supports Chrome version 89
Current browser version is 91.0.4472.124 with binary path C:\Program Files\Google\Chrome\Application\chrome.exe
Build info: version: '3.12.0', revision: '7c6e0b3', time: '2018-05-08T14:04:26.12Z'
System info: host: 'DESKTOP-RUV174U', ip: '192.168.0.103', os.name: 'Windows 10', os.arch: 'amd64', os.version: '10.0', java.version: '11.0.10'
Driver info: driver.version: ChromeDriver
remote stacktrace: Backtrace:
	Ordinal0 [0x0026E7D3+124883]
	Ordinal0 [0x0026E7B1+124849]
	GetHandleVerifier [0x004B8688+193832]
	GetHandleVerifier [0x004D3AC5+305509]
	GetHandleVerifier [0x004D021B+291003]
	GetHandleVerifier [0x004CE0AC+282444]
	GetHandleVerifier [0x004F4A90+440624]
	GetHandleVerifier [0x004F47FC+439964]
	GetHandleVerifier [0x004F154B+426987]
	GetHandleVerifier [0x004D4FFD+310941]
	GetHandleVerifier [0x004D5D8E+314414]
	GetHandleVerifier [0x004D5D19+314297]
	GetHandleVerifier [0x005931EC+1089676]
	GetHandleVerifier [0x005917C9+1082985]
	GetHandleVerifier [0x005913A3+1081923]
	GetHandleVerifier [0x0068D9FD+2115741]
	Ordinal0 [0x003BB82E+1488942]
	Ordinal0 [0x00355A7D+1071741]
	Ordinal0 [0x0035559B+1070491]
	Ordinal0 [0x003554B1+1070257]
	Ordinal0 [0x0038FF53+1310547]
	BaseThreadInitThunk [0x759CFA29+25]
	RtlGetAppContainerNamedObjectPath [0x772E7A7E+286]
	RtlGetAppContainerNamedObjectPath [0x772E7A4E+238]

	at java.base/jdk.internal.reflect.NativeConstructorAccessorImpl.newInstance0(Native Method)
	at java.base/jdk.internal.reflect.NativeConstructorAccessorImpl.newInstance(NativeConstructorAccessorImpl.java:62)
	at java.base/jdk.internal.reflect.DelegatingConstructorAccessorImpl.newInstance(DelegatingConstructorAccessorImpl.java:45)
	at java.base/java.lang.reflect.Constructor.newInstance(Constructor.java:490)
	at org.openqa.selenium.remote.W3CHandshakeResponse.lambda$new$0(W3CHandshakeResponse.java:57)
	at org.openqa.selenium.remote.W3CHandshakeResponse.lambda$getResponseFunction$2(W3CHandshakeResponse.java:104)
	at org.openqa.selenium.remote.ProtocolHandshake.lambda$createSession$0(ProtocolHandshake.java:123)
	at java.base/java.util.stream.ReferencePipeline$3$1.accept(ReferencePipeline.java:195)
	at java.base/java.util.Spliterators$ArraySpliterator.tryAdvance(Spliterators.java:958)
	at java.base/java.util.stream.ReferencePipeline.forEachWithCancel(ReferencePipeline.java:127)
	at java.base/java.util.stream.AbstractPipeline.copyIntoWithCancel(AbstractPipeline.java:502)
	at java.base/java.util.stream.AbstractPipeline.copyInto(AbstractPipeline.java:488)
	at java.base/java.util.stream.AbstractPipeline.wrapAndCopyInto(AbstractPipeline.java:474)
	at java.base/java.util.stream.FindOps$FindOp.evaluateSequential(FindOps.java:150)
	at java.base/java.util.stream.AbstractPipeline.evaluate(AbstractPipeline.java:234)
	at java.base/java.util.stream.ReferencePipeline.findFirst(ReferencePipeline.java:543)
	at org.openqa.selenium.remote.ProtocolHandshake.createSession(ProtocolHandshake.java:126)
	at org.openqa.selenium.remote.ProtocolHandshake.createSession(ProtocolHandshake.java:73)
	at org.openqa.selenium.remote.HttpCommandExecutor.execute(HttpCommandExecutor.java:136)
	at org.openqa.selenium.remote.service.DriverCommandExecutor.execute(DriverCommandExecutor.java:83)
	at org.openqa.selenium.remote.RemoteWebDriver.execute(RemoteWebDriver.java:543)
	at org.openqa.selenium.remote.RemoteWebDriver.startSession(RemoteWebDriver.java:207)
	at org.openqa.selenium.remote.RemoteWebDriver.<init>(RemoteWebDriver.java:130)
	at org.openqa.selenium.chrome.ChromeDriver.<init>(ChromeDriver.java:181)
	at org.openqa.selenium.chrome.ChromeDriver.<init>(ChromeDriver.java:168)
	at org.openqa.selenium.chrome.ChromeDriver.<init>(ChromeDriver.java:123)
	at Testgoogle.login(Testgoogle.java:20)
	at java.base/jdk.internal.reflect.NativeMethodAccessorImpl.invoke0(Native Method)
	at java.base/jdk.internal.reflect.NativeMethodAccessorImpl.invoke(NativeMethodAccessorImpl.java:62)
	at java.base/jdk.internal.reflect.DelegatingMethodAccessorImpl.invoke(DelegatingMethodAccessorImpl.java:43)
	at java.base/java.lang.reflect.Method.invoke(Method.java:566)
	at org.testng.internal.MethodInvocationHelper.invokeMethod(MethodInvocationHelper.java:104)
	at org.testng.internal.Invoker.invokeMethod(Invoker.java:645)
	at org.testng.internal.Invoker.invokeTestMethod(Invoker.java:851)
	at org.testng.internal.Invoker.invokeTestMethods(Invoker.java:1177)
	at org.testng.internal.TestMethodWorker.invokeTestMethods(TestMethodWorker.java:129)
	at org.testng.internal.TestMethodWorker.run(TestMethodWorker.java:112)
	at org.testng.TestRunner.privateRun(TestRunner.java:756)
	at org.testng.TestRunner.run(TestRunner.java:610)
	at org.testng.SuiteRunner.runTest(SuiteRunner.java:387)
	at org.testng.SuiteRunner.runSequentially(SuiteRunner.java:382)
	at org.testng.SuiteRunner.privateRun(SuiteRunner.java:340)
	at org.testng.SuiteRunner.run(SuiteRunner.java:289)
	at org.testng.SuiteRunnerWorker.runSuite(SuiteRunnerWorker.java:52)
	at org.testng.SuiteRunnerWorker.run(SuiteRunnerWorker.java:86)
	at org.testng.TestNG.runSuitesSequentially(TestNG.java:1293)
	at org.testng.TestNG.runSuitesLocally(TestNG.java:1218)
	at org.testng.TestNG.runSuites(TestNG.java:1133)
	at org.testng.TestNG.run(TestNG.java:1104)
	at org.testng.remote.AbstractRemoteTestNG.run(AbstractRemoteTestNG.java:115)
	at org.testng.remote.RemoteTestNG.initAndRun(RemoteTestNG.java:251)
	at org.testng.remote.RemoteTestNG.main(RemoteTestNG.java:77)
]]>
            </full-stacktrace>
          </exception> <!-- org.openqa.selenium.SessionNotCreatedException -->
          <reporter-output>
          </reporter-output>
        </test-method> <!-- login -->
      </class> <!-- Testgoogle -->
    </test> <!-- Default test -->
  </suite> <!-- Default suite -->
</testng-results>
